<?xml version="1.0" encoding="UTF-8"?>
<!-- Generated by org.testng.reporters.JUnitReportReporter -->
<testsuite hostname="CDACLAB-148" failures="0" tests="1" name="TestNg.demo2" time="2.513" errors="0" timestamp="2024-11-15T18:04:12 IST" skipped="0">
  <testcase classname="TestNg.demo2" name="login" time="2.513"/>
  <system-out/>
</testsuite> <!-- TestNg.demo2 -->
