<?xml version="1.0" encoding="UTF-8"?>
<!-- Generated by org.testng.reporters.JUnitReportReporter -->
<testsuite hostname="CDACLAB-148" failures="0" tests="1" name="TestNg.NewTest1" time="0.005" errors="0" timestamp="2024-11-15T17:58:56 IST" skipped="0">
  <testcase classname="TestNg.NewTest1" name="f" time="0.005"/>
  <system-out/>
</testsuite> <!-- TestNg.NewTest1 -->
