<?xml version="1.0" encoding="UTF-8"?>
<!-- Generated by org.testng.reporters.JUnitReportReporter -->
<testsuite hostname="CDACLAB-148" failures="0" tests="4" name="TestNg.demo1" time="0.010" errors="0" timestamp="2024-11-15T17:17:14 IST" skipped="0">
  <testcase classname="TestNg.demo1" name="f2" time="0.001"/>
  <system-out/>
  <testcase classname="TestNg.demo1" name="f3" time="0.001"/>
  <system-out/>
  <testcase classname="TestNg.demo1" name="f1" time="0.008"/>
  <system-out/>
  <testcase classname="TestNg.demo1" name="f4" time="0.000"/>
  <system-out/>
</testsuite> <!-- TestNg.demo1 -->
