<?xml version="1.0" encoding="UTF-8"?>
<!-- Generated by org.testng.reporters.JUnitReportReporter -->
<testsuite hostname="CDACLAB-148" failures="0" tests="1" name="Test.demo" time="0.064" errors="0" timestamp="2024-11-15T17:13:08 IST" skipped="0">
  <testcase classname="Test.demo" name="f" time="0.064"/>
  <system-out/>
</testsuite> <!-- Test.demo -->
