<?xml version="1.0" encoding="UTF-8"?>
<!-- Generated by org.testng.reporters.JUnitReportReporter -->
<testsuite hostname="CDACLAB-148" failures="0" tests="1" name="Test.NewTest23" time="0.000" errors="0" timestamp="2024-11-15T17:13:08 IST" skipped="0">
  <testcase classname="Test.NewTest23" name="f" time="0.000"/>
  <system-out/>
</testsuite> <!-- Test.NewTest23 -->
