<?xml version="1.0" encoding="UTF-8"?>
<!-- Generated by org.testng.reporters.JUnitReportReporter -->
<testsuite hostname="CDACLAB-148" failures="0" tests="4" name="demo2.NewTest" time="0.011" errors="0" timestamp="2024-11-15T16:53:57 IST" skipped="1">
  <testcase classname="demo2.NewTest" name="regtest" time="0.009"/>
  <system-out/>
  <testcase classname="demo2.NewTest" name="login" time="0.000"/>
  <system-out/>
  <testcase classname="demo2.NewTest" name="logout" time="0.001">
    <skipped/>
  </testcase> <!-- logout -->
  <system-out/>
  <testcase classname="demo2.NewTest" name="home" time="0.001"/>
  <system-out/>
</testsuite> <!-- demo2.NewTest -->
